{"EventTime":1705312245, "EventReceivedTime":1705312246, "UtcTime": "2024-01-15 09:30:45", "EventID": 1, "ProcessId": 4512, "Image": "C:\\Windows\\System32\\cmd.exe", "CommandLine": "cmd.exe /c dir", "User": "DOMAIN\\john.doe"}
{"EventTime": 1705312267, "EventReceivedTime": 1705312268, "UtcTime": "2024-01-15 09:31:07", "EventID": 3, "ProcessId": 2840, "Image": "C:\\Program Files\\Google\\Chrome\\Application\\chrome.exe", "DestinationIp": "142.250.191.14", "DestinationPort": 443, "Protocol": "tcp"}
<134>Jan 15 09:31:23 WORKSTATION01 Microsoft-Windows-Sysmon: Process Create: RuleName: -, UtcTime: 2024-01-15 09:31:23, ProcessGuid: {12345678-1234-5678-9abc-123456789abc}, ProcessId: 3672, Image: C:\Windows\System32\notepad.exe
{"EventTime": "2024-01-15 09:31:45", "EventReceivedTime": "2024-01-15 09:31:46", "UtcTime": "2024-01-15 09:31:45", "EventID": 11, "ProcessId": 1824, "Image": "C:\\Windows\\explorer.exe", "TargetFilename": "C:\\Users\\john.doe\\Documents\\test.txt", "CreationUtcTime": "2024-01-15 09:31:44"}
{"EventTime": 1705312328, "EventReceivedTime": 1705312329, "UtcTime": "2024-01-15 09:32:08", "EventID": 2, "ProcessId": 4512, "Image": "C:\\Windows\\System32\\cmd.exe", "TargetFilename": "C:\\Windows\\Temp\\malicious.exe", "User": "DOMAIN\\admin"}
<134>Jan 15 09:32:25 WORKSTATION01 Microsoft-Windows-Sysmon: Network Connection: RuleName: -, UtcTime: 2024-01-15 09:32:25, ProcessGuid: {87654321-4321-8765-cba9-987654321cba}, ProcessId: 2840, Image: C:\Program Files\Mozilla Firefox\firefox.exe, Protocol: tcp, Initiated: true, SourceIp: 192.168.1.100, DestinationIp: 151.101.193.140, DestinationPort: 443
{"EventTime": "2024-01-15 09:32:47", "EventReceivedTime": "2024-01-15 09:32:48", "UtcTime": "2024-01-15 09:32:47", "EventID": 5, "ProcessId": 1456, "Image": "C:\\Windows\\System32\\svchost.exe", "User": "NT AUTHORITY\\SYSTEM"}
CreationUtcTime: 2024-01-15 09:33:12, ProcessId: 5288, Image: C:\Program Files\Microsoft Office\OUTLOOK.EXE, CommandLine: "C:\Program Files\Microsoft Office\OUTLOOK.EXE" /safe
{"EventTime": 1705312434, "EventReceivedTime": 1705312435, "UtcTime": "2024-01-15 09:33:54", "EventID": 7, "ProcessId": 3456, "Image": "C:\\Windows\\System32\\rundll32.exe", "ImageLoaded": "C:\\Windows\\System32\\kernel32.dll", "Signed": true, "Signature": "Microsoft Windows"}
<134>Jan 15 09:34:18 WORKSTATION01 Microsoft-Windows-Sysmon: File Create: RuleName: -, UtcTime: 2024-01-15 09:34:18, ProcessGuid: {abcdef12-3456-7890-abcd-ef1234567890}, ProcessId: 1824, Image: C:\Windows\explorer.exe, TargetFilename: C:\Users\jane.smith\Downloads\document.pdf, CreationUtcTime: 2024-01-15 09:34:17
{"EventTime": "2024-01-15 09:34:39", "EventReceivedTime": "2024-01-15 09:34:40", "UtcTime": "2024-01-15 09:34:39", "EventID": 8, "ProcessId": 2156, "SourceImage": "C:\\Windows\\System32\\lsass.exe", "TargetImage": "C:\\Windows\\System32\\winlogon.exe", "NewThreadId": 7892}
{"EventTime": 1705312521, "EventReceivedTime": 1705312522, "UtcTime": "2024-01-15 09:35:21", "EventID": 10, "ProcessId": 4728, "SourceImage": "C:\\Program Files\\Malwarebytes\\Anti-Malware\\mbam.exe", "TargetImage": "C:\\Windows\\System32\\lsass.exe", "GrantedAccess": "0x1000"}
CreationUtcTime: 2024-01-15 09:35:44, ProcessId: 6144, Image: C:\Windows\System32\powershell.exe, CommandLine: powershell.exe -ExecutionPolicy Bypass -File C:\temp\script.ps1, User: DOMAIN\administrator
<134>Jan 15 09:36:02 WORKSTATION01 Microsoft-Windows-Sysmon: Registry Event: RuleName: -, UtcTime: 2024-01-15 09:36:02, ProcessGuid: {fedcba98-7654-3210-fedc-ba9876543210}, ProcessId: 1256, Image: C:\Windows\regedit.exe, EventType: SetValue, TargetObject: HKLM\SOFTWARE\Microsoft\Windows\CurrentVersion\Run\Startup
{"EventTime": "2024-01-15 09:36:25", "EventReceivedTime": "2024-01-15 09:36:26", "UtcTime": "2024-01-15 09:36:25", "EventID": 15, "ProcessId": 3892, "Image": "C:\\Windows\\System32\\svchost.exe", "TargetFilename": "C:\\Windows\\System32\\drivers\\etc\\hosts", "Hash": "SHA1=DA39A3EE5E6B4B0D3255BFEF95601890AFD80709"}
{"EventTime": 1705312628, "EventReceivedTime": 1705312629, "UtcTime": "2024-01-15 09:37:08", "EventID": 17, "ProcessId": 2568, "Image": "C:\\Windows\\System32\\services.exe", "PipeName": "\\\\.\\pipe\\spoolss", "User": "NT AUTHORITY\\SYSTEM"}
CreationUtcTime: 2024-01-15 09:37:31, ProcessId: 7256, Image: C:\Program Files (x86)\Internet Explorer\iexplore.exe, CommandLine: "C:\Program Files (x86)\Internet Explorer\iexplore.exe" https://malicious-site.com, User: DOMAIN\user.test
<134>Jan 15 09:37:55 WORKSTATION01 Microsoft-Windows-Sysmon: DNS Query: RuleName: -, UtcTime: 2024-01-15 09:37:55, ProcessGuid: {11223344-5566-7788-99aa-bbccddeeff00}, ProcessId: 2840, Image: C:\Program Files\Google\Chrome\Application\chrome.exe, QueryName: suspicious-domain.evil.com, QueryResults: 185.199.108.153
{"EventTime": "2024-01-15 09:38:17", "EventReceivedTime": "2024-01-15 09:38:18", "UtcTime": "2024-01-15 09:38:17", "EventID": 20, "ProcessId": 4256, "Image": "C:\\Windows\\System32\\wbem\\WmiPrvSE.exe", "EventType": "WmiEventConsumer", "Name": "ActiveScriptEventConsumer", "Type": "Script"}
{"EventTime": 1705312739, "EventReceivedTime": 1705312740, "UtcTime": "2024-01-15 09:38:59", "EventID": 1, "ProcessId": 8192, "Image": "C:\\Windows\\System32\\calc.exe", "CommandLine": "calc.exe", "User": "DOMAIN\\jane.smith", "ParentImage": "C:\\Windows\\explorer.exe"}
CreationUtcTime: 2024-01-15 09:39:22, ProcessId: 9512, Image: C:\Users\john.doe\AppData\Local\Temp\suspicious.exe, CommandLine: C:\Users\john.doe\AppData\Local\Temp\suspicious.exe --hide --persist, User: DOMAIN\john.doe